<?xml version="1.0" encoding="UTF-8"?>
<testng-results skipped="0" failed="1" ignored="0" total="1" passed="0">
  <reporter-output>
  </reporter-output>
  <suite name="Default suite" duration-ms="3058" started-at="2020-05-30T10:09:58Z" finished-at="2020-05-30T10:10:01Z">
    <groups>
    </groups>
    <test name="Default test" duration-ms="3058" started-at="2020-05-30T10:09:58Z" finished-at="2020-05-30T10:10:01Z">
      <class name="sample1example.JavaProject">
        <test-method status="FAIL" signature="lofign()[pri:0, instance:sample1example.JavaProject@965684]" name="lofign" duration-ms="3011" started-at="2020-05-30T10:09:58Z" finished-at="2020-05-30T10:10:01Z">
          <exception class="org.openqa.selenium.SessionNotCreatedException">
            <message>
              <![CDATA[session not created: This version of ChromeDriver only supports Chrome version 80
Build info: version: '3.8.0', revision: '924c4067df', time: '2017-11-30T11:37:19.049Z'
System info: host: 'LENOVO-PC', ip: '192.168.0.11', os.name: 'Windows 8.1', os.arch: 'x86', os.version: '6.3', java.version: '1.8.0_201'
Driver info: driver.version: ChromeDriver
remote stacktrace: Backtrace:
Ordinal0 [0x011F0AE3+1706723]
Ordinal0 [0x011568C1+1075393]
Ordinal0 [0x010CDFA9+516009]
Ordinal0 [0x01060554+66900]
Ordinal0 [0x0105CCE2+52450]
Ordinal0 [0x0107BFD7+180183]
Ordinal0 [0x0107BDDD+179677]
Ordinal0 [0x01079D4B+171339]
Ordinal0 [0x01061D4A+73034]
Ordinal0 [0x01062DC0+77248]
Ordinal0 [0x01062D59+77145]
Ordinal0 [0x0116BB37+1162039]
GetHandleVerifier [0x0128A7C6+508998]
GetHandleVerifier [0x0128A504+508292]
GetHandleVerifier [0x0129F617+594583]
GetHandleVerifier [0x0128B036+511158]
Ordinal0 [0x01163FFC+1130492]
Ordinal0 [0x0116D49B+1168539]
Ordinal0 [0x0116D603+1168899]
Ordinal0 [0x01185B05+1268485]
BaseThreadInitThunk [0x75526A14+36]
RtlInitializeExceptionChain [0x77CBAB4F+143]
RtlInitializeExceptionChain [0x77CBAB1A+90]
]]>
            </message>
            <full-stacktrace>
              <![CDATA[org.openqa.selenium.SessionNotCreatedException: session not created: This version of ChromeDriver only supports Chrome version 80
Build info: version: '3.8.0', revision: '924c4067df', time: '2017-11-30T11:37:19.049Z'
System info: host: 'LENOVO-PC', ip: '192.168.0.11', os.name: 'Windows 8.1', os.arch: 'x86', os.version: '6.3', java.version: '1.8.0_201'
Driver info: driver.version: ChromeDriver
remote stacktrace: Backtrace:
Ordinal0 [0x011F0AE3+1706723]
Ordinal0 [0x011568C1+1075393]
Ordinal0 [0x010CDFA9+516009]
Ordinal0 [0x01060554+66900]
Ordinal0 [0x0105CCE2+52450]
Ordinal0 [0x0107BFD7+180183]
Ordinal0 [0x0107BDDD+179677]
Ordinal0 [0x01079D4B+171339]
Ordinal0 [0x01061D4A+73034]
Ordinal0 [0x01062DC0+77248]
Ordinal0 [0x01062D59+77145]
Ordinal0 [0x0116BB37+1162039]
GetHandleVerifier [0x0128A7C6+508998]
GetHandleVerifier [0x0128A504+508292]
GetHandleVerifier [0x0129F617+594583]
GetHandleVerifier [0x0128B036+511158]
Ordinal0 [0x01163FFC+1130492]
Ordinal0 [0x0116D49B+1168539]
Ordinal0 [0x0116D603+1168899]
Ordinal0 [0x01185B05+1268485]
BaseThreadInitThunk [0x75526A14+36]
RtlInitializeExceptionChain [0x77CBAB4F+143]
RtlInitializeExceptionChain [0x77CBAB1A+90]

at sun.reflect.NativeConstructorAccessorImpl.newInstance0(Native Method)
at sun.reflect.NativeConstructorAccessorImpl.newInstance(Unknown Source)
at sun.reflect.DelegatingConstructorAccessorImpl.newInstance(Unknown Source)
at java.lang.reflect.Constructor.newInstance(Unknown Source)
at org.openqa.selenium.remote.W3CHandshakeResponse.lambda$new$0(W3CHandshakeResponse.java:57)
at org.openqa.selenium.remote.W3CHandshakeResponse.lambda$getResponseFunction$2(W3CHandshakeResponse.java:104)
at org.openqa.selenium.remote.ProtocolHandshake.lambda$createSession$0(ProtocolHandshake.java:123)
at java.util.stream.ReferencePipeline$3$1.accept(Unknown Source)
at java.util.Spliterators$ArraySpliterator.tryAdvance(Unknown Source)
at java.util.stream.ReferencePipeline.forEachWithCancel(Unknown Source)
at java.util.stream.AbstractPipeline.copyIntoWithCancel(Unknown Source)
at java.util.stream.AbstractPipeline.copyInto(Unknown Source)
at java.util.stream.AbstractPipeline.wrapAndCopyInto(Unknown Source)
at java.util.stream.FindOps$FindOp.evaluateSequential(Unknown Source)
at java.util.stream.AbstractPipeline.evaluate(Unknown Source)
at java.util.stream.ReferencePipeline.findFirst(Unknown Source)
at org.openqa.selenium.remote.ProtocolHandshake.createSession(ProtocolHandshake.java:126)
at org.openqa.selenium.remote.ProtocolHandshake.createSession(ProtocolHandshake.java:73)
at org.openqa.selenium.remote.HttpCommandExecutor.execute(HttpCommandExecutor.java:142)
at org.openqa.selenium.remote.service.DriverCommandExecutor.execute(DriverCommandExecutor.java:83)
at org.openqa.selenium.remote.RemoteWebDriver.execute(RemoteWebDriver.java:601)
at org.openqa.selenium.remote.RemoteWebDriver.startSession(RemoteWebDriver.java:219)
at org.openqa.selenium.remote.RemoteWebDriver.<init>(RemoteWebDriver.java:142)
at org.openqa.selenium.chrome.ChromeDriver.<init>(ChromeDriver.java:181)
at org.openqa.selenium.chrome.ChromeDriver.<init>(ChromeDriver.java:168)
at org.openqa.selenium.chrome.ChromeDriver.<init>(ChromeDriver.java:123)
at sample1example.JavaProject.lofign(JavaProject.java:13)
at sun.reflect.NativeMethodAccessorImpl.invoke0(Native Method)
at sun.reflect.NativeMethodAccessorImpl.invoke(Unknown Source)
at sun.reflect.DelegatingMethodAccessorImpl.invoke(Unknown Source)
at java.lang.reflect.Method.invoke(Unknown Source)
at org.testng.internal.MethodInvocationHelper.invokeMethod(MethodInvocationHelper.java:124)
at org.testng.internal.Invoker.invokeMethod(Invoker.java:580)
at org.testng.internal.Invoker.invokeTestMethod(Invoker.java:716)
at org.testng.internal.Invoker.invokeTestMethods(Invoker.java:988)
at org.testng.internal.TestMethodWorker.invokeTestMethods(TestMethodWorker.java:125)
at org.testng.internal.TestMethodWorker.run(TestMethodWorker.java:109)
at org.testng.TestRunner.privateRun(TestRunner.java:648)
at org.testng.TestRunner.run(TestRunner.java:505)
at org.testng.SuiteRunner.runTest(SuiteRunner.java:455)
at org.testng.SuiteRunner.runSequentially(SuiteRunner.java:450)
at org.testng.SuiteRunner.privateRun(SuiteRunner.java:415)
at org.testng.SuiteRunner.run(SuiteRunner.java:364)
at org.testng.SuiteRunnerWorker.runSuite(SuiteRunnerWorker.java:52)
at org.testng.SuiteRunnerWorker.run(SuiteRunnerWorker.java:84)
at org.testng.TestNG.runSuitesSequentially(TestNG.java:1208)
at org.testng.TestNG.runSuitesLocally(TestNG.java:1137)
at org.testng.TestNG.runSuites(TestNG.java:1049)
at org.testng.TestNG.run(TestNG.java:1017)
at org.testng.remote.AbstractRemoteTestNG.run(AbstractRemoteTestNG.java:114)
at org.testng.remote.RemoteTestNG.initAndRun(RemoteTestNG.java:251)
at org.testng.remote.RemoteTestNG.main(RemoteTestNG.java:77)
]]>
            </full-stacktrace>
          </exception> <!-- org.openqa.selenium.SessionNotCreatedException -->
          <reporter-output>
          </reporter-output>
        </test-method> <!-- lofign -->
      </class> <!-- sample1example.JavaProject -->
    </test> <!-- Default test -->
  </suite> <!-- Default suite -->
</testng-results>
